<?xml version="1.0" encoding="UTF-8"?>
<testsuite name="edu.xavier.csci260.atinlay.dal.EmployeeDAOTest" tests="5" skipped="0" failures="0" errors="0" timestamp="2017-04-19T15:41:22" hostname="MSI" time="0.054">
  <properties/>
  <testcase name="createEmployeeDotEquals" classname="edu.xavier.csci260.atinlay.dal.EmployeeDAOTest" time="0.017"/>
  <testcase name="createEmployeeToString" classname="edu.xavier.csci260.atinlay.dal.EmployeeDAOTest" time="0.018"/>
  <testcase name="deleteFromDB" classname="edu.xavier.csci260.atinlay.dal.EmployeeDAOTest" time="0.0"/>
  <testcase name="getEmployeeByUsernameToString" classname="edu.xavier.csci260.atinlay.dal.EmployeeDAOTest" time="0.019"/>
  <testcase name="getEmployeeByUsernameDotEquals" classname="edu.xavier.csci260.atinlay.dal.EmployeeDAOTest" time="0.0"/>
  <system-out><![CDATA[2017-04-19 11:41:19.904  INFO 5068 --- [    Test worker] .b.t.c.SpringBootTestContextBootstrapper : Neither @ContextConfiguration nor @ContextHierarchy found for test class [edu.xavier.csci260.atinlay.dal.EmployeeDAOTest], using SpringBootContextLoader
2017-04-19 11:41:19.904  INFO 5068 --- [    Test worker] o.s.t.c.support.AbstractContextLoader    : Could not detect default resource locations for test class [edu.xavier.csci260.atinlay.dal.EmployeeDAOTest]: no resource found for suffixes {-context.xml, Context.groovy}.
2017-04-19 11:41:19.904  INFO 5068 --- [    Test worker] t.c.s.AnnotationConfigContextLoaderUtils : Could not detect default configuration classes for test class [edu.xavier.csci260.atinlay.dal.EmployeeDAOTest]: EmployeeDAOTest does not declare any static, non-private, non-final, nested classes annotated with @Configuration.
2017-04-19 11:41:19.924  INFO 5068 --- [    Test worker] .b.t.c.SpringBootTestContextBootstrapper : Found @SpringBootConfiguration edu.xavier.csci260.atinlay.Application for test class edu.xavier.csci260.atinlay.dal.EmployeeDAOTest
2017-04-19 11:41:19.942  INFO 5068 --- [    Test worker] .b.t.c.SpringBootTestContextBootstrapper : Loaded default TestExecutionListener class names from location [META-INF/spring.factories]: [org.springframework.security.test.context.support.WithSecurityContextTestExecutionListener, org.springframework.boot.test.mock.mockito.MockitoTestExecutionListener, org.springframework.boot.test.mock.mockito.ResetMocksTestExecutionListener, org.springframework.boot.test.autoconfigure.restdocs.RestDocsTestExecutionListener, org.springframework.boot.test.autoconfigure.web.client.MockRestServiceServerResetTestExecutionListener, org.springframework.boot.test.autoconfigure.web.servlet.MockMvcPrintOnlyOnFailureTestExecutionListener, org.springframework.boot.test.autoconfigure.web.servlet.WebDriverTestExecutionListener, org.springframework.test.context.web.ServletTestExecutionListener, org.springframework.test.context.support.DirtiesContextBeforeModesTestExecutionListener, org.springframework.test.context.support.DependencyInjectionTestExecutionListener, org.springframework.test.context.support.DirtiesContextTestExecutionListener, org.springframework.test.context.transaction.TransactionalTestExecutionListener, org.springframework.test.context.jdbc.SqlScriptsTestExecutionListener]
2017-04-19 11:41:19.942  INFO 5068 --- [    Test worker] .b.t.c.SpringBootTestContextBootstrapper : Using TestExecutionListeners: [org.springframework.test.context.web.ServletTestExecutionListener@7f01aa20, org.springframework.test.context.support.DirtiesContextBeforeModesTestExecutionListener@1ad0c365, org.springframework.boot.test.autoconfigure.SpringBootDependencyInjectionTestExecutionListener@4537c955, org.springframework.test.context.support.DirtiesContextTestExecutionListener@4116ad4c, org.springframework.test.context.transaction.TransactionalTestExecutionListener@33b45fe4, org.springframework.test.context.jdbc.SqlScriptsTestExecutionListener@2f63691c, org.springframework.security.test.context.support.WithSecurityContextTestExecutionListener@546560c4, org.springframework.boot.test.mock.mockito.ResetMocksTestExecutionListener@20edcbc9, org.springframework.boot.test.autoconfigure.web.servlet.WebDriverTestExecutionListener@31b7fb4f, org.springframework.boot.test.mock.mockito.MockitoTestExecutionListener@5285fec, org.springframework.boot.test.autoconfigure.web.client.MockRestServiceServerResetTestExecutionListener@7ab46ccd, org.springframework.boot.test.autoconfigure.web.servlet.MockMvcPrintOnlyOnFailureTestExecutionListener@344953d1, org.springframework.boot.test.autoconfigure.restdocs.RestDocsTestExecutionListener@3aaabb94]

  .   ____          _            __ _ _
 /\\ / ___'_ __ _ _(_)_ __  __ _ \ \ \ \
( ( )\___ | '_ | '_| | '_ \/ _` | \ \ \ \
 \\/  ___)| |_)| | | | | || (_| |  ) ) ) )
  '  |____| .__|_| |_|_| |_\__, | / / / /
 =========|_|==============|___/=/_/_/_/
 :: Spring Boot ::        (v1.5.2.RELEASE)

2017-04-19 11:41:20.014  INFO 5068 --- [    Test worker] e.x.csci260.atinlay.dal.EmployeeDAOTest  : Starting EmployeeDAOTest on MSI with PID 5068 (started by Luke in C:\Users\Luke\Documents\School\CSCI\OOOtracker_services)
2017-04-19 11:41:20.014  INFO 5068 --- [    Test worker] e.x.csci260.atinlay.dal.EmployeeDAOTest  : No active profile set, falling back to default profiles: default
2017-04-19 11:41:20.014  INFO 5068 --- [    Test worker] o.s.w.c.s.GenericWebApplicationContext   : Refreshing org.springframework.web.context.support.GenericWebApplicationContext@939dea1: startup date [Wed Apr 19 11:41:20 EDT 2017]; root of context hierarchy
2017-04-19 11:41:21.000  INFO 5068 --- [    Test worker] trationDelegate$BeanPostProcessorChecker : Bean 'org.springframework.transaction.annotation.ProxyTransactionManagementConfiguration' of type [org.springframework.transaction.annotation.ProxyTransactionManagementConfiguration$$EnhancerBySpringCGLIB$$b56b073a] is not eligible for getting processed by all BeanPostProcessors (for example: not eligible for auto-proxying)
2017-04-19 11:41:21.199  INFO 5068 --- [    Test worker] o.s.jdbc.datasource.init.ScriptUtils     : Executing SQL script from URL [file:/C:/Users/Luke/Documents/School/CSCI/OOOtracker_services/build/resources/main/schema.sql]
2017-04-19 11:41:21.199  INFO 5068 --- [    Test worker] o.s.jdbc.datasource.init.ScriptUtils     : Executed SQL script from URL [file:/C:/Users/Luke/Documents/School/CSCI/OOOtracker_services/build/resources/main/schema.sql] in 0 ms.
2017-04-19 11:41:21.214  INFO 5068 --- [    Test worker] o.s.jdbc.datasource.init.ScriptUtils     : Executing SQL script from URL [file:/C:/Users/Luke/Documents/School/CSCI/OOOtracker_services/build/resources/main/data.sql]
2017-04-19 11:41:21.218  INFO 5068 --- [    Test worker] o.s.jdbc.datasource.init.ScriptUtils     : Executed SQL script from URL [file:/C:/Users/Luke/Documents/School/CSCI/OOOtracker_services/build/resources/main/data.sql] in 4 ms.
2017-04-19 11:41:21.218  INFO 5068 --- [    Test worker] o.s.jdbc.datasource.init.ScriptUtils     : Executing SQL script from URL [file:/C:/Users/Luke/Documents/School/CSCI/OOOtracker_services/build/resources/test/data.sql]
2017-04-19 11:41:21.218  INFO 5068 --- [    Test worker] o.s.jdbc.datasource.init.ScriptUtils     : Executed SQL script from URL [file:/C:/Users/Luke/Documents/School/CSCI/OOOtracker_services/build/resources/test/data.sql] in 0 ms.
2017-04-19 11:41:21.310  INFO 5068 --- [    Test worker] j.LocalContainerEntityManagerFactoryBean : Building JPA container EntityManagerFactory for persistence unit 'default'
2017-04-19 11:41:21.310  INFO 5068 --- [    Test worker] o.hibernate.jpa.internal.util.LogHelper  : HHH000204: Processing PersistenceUnitInfo [
	name: default
	...]
2017-04-19 11:41:21.328  INFO 5068 --- [    Test worker] org.hibernate.dialect.Dialect            : HHH000400: Using dialect: org.hibernate.dialect.H2Dialect
2017-04-19 11:41:21.364  INFO 5068 --- [    Test worker] org.hibernate.tool.hbm2ddl.SchemaExport  : HHH000227: Running hbm2ddl schema export
2017-04-19 11:41:21.368  INFO 5068 --- [    Test worker] org.hibernate.tool.hbm2ddl.SchemaExport  : HHH000230: Schema export complete
2017-04-19 11:41:21.369  WARN 5068 --- [    Test worker] o.h.j.i.EntityManagerFactoryRegistry     : HHH000436: Entity manager factory name (default) is already registered.  If entity manager will be clustered or passivated, specify a unique value for property 'hibernate.ejb.entitymanager_factory_name'
2017-04-19 11:41:21.369  INFO 5068 --- [    Test worker] j.LocalContainerEntityManagerFactoryBean : Initialized JPA EntityManagerFactory for persistence unit 'default'
2017-04-19 11:41:21.774 DEBUG 5068 --- [    Test worker] eGlobalAuthenticationAutowiredConfigurer : Eagerly initializing {webSecurityConfig=edu.xavier.csci260.atinlay.config.WebSecurityConfig$$EnhancerBySpringCGLIB$$13b39ad0@66b99a53}
2017-04-19 11:41:21.793  INFO 5068 --- [    Test worker] o.s.s.web.DefaultSecurityFilterChain     : Creating filter chain: Ant [pattern='/includes/**'], []
2017-04-19 11:41:21.793  INFO 5068 --- [    Test worker] o.s.s.web.DefaultSecurityFilterChain     : Creating filter chain: Ant [pattern='/assets/**'], []
2017-04-19 11:41:21.850 DEBUG 5068 --- [    Test worker] edFilterInvocationSecurityMetadataSource : Adding web access control expression 'permitAll', for ExactUrl [processUrl='/login?error']
2017-04-19 11:41:21.850 DEBUG 5068 --- [    Test worker] edFilterInvocationSecurityMetadataSource : Adding web access control expression 'permitAll', for ExactUrl [processUrl='/login']
2017-04-19 11:41:21.850 DEBUG 5068 --- [    Test worker] edFilterInvocationSecurityMetadataSource : Adding web access control expression 'permitAll', for ExactUrl [processUrl='/login']
2017-04-19 11:41:21.850 DEBUG 5068 --- [    Test worker] edFilterInvocationSecurityMetadataSource : Adding web access control expression 'hasRole('ROLE_HR')', for Ant [pattern='/human-resources/**']
2017-04-19 11:41:21.850 DEBUG 5068 --- [    Test worker] edFilterInvocationSecurityMetadataSource : Adding web access control expression 'hasRole('ROLE_MANAGER')', for Ant [pattern='/manager/**']
2017-04-19 11:41:21.850 DEBUG 5068 --- [    Test worker] edFilterInvocationSecurityMetadataSource : Adding web access control expression 'permitAll', for Ant [pattern='/']
2017-04-19 11:41:21.850 DEBUG 5068 --- [    Test worker] edFilterInvocationSecurityMetadataSource : Adding web access control expression 'permitAll', for Ant [pattern='/home']
2017-04-19 11:41:21.850 DEBUG 5068 --- [    Test worker] edFilterInvocationSecurityMetadataSource : Adding web access control expression 'permitAll', for Ant [pattern='/login']
2017-04-19 11:41:21.850 DEBUG 5068 --- [    Test worker] edFilterInvocationSecurityMetadataSource : Adding web access control expression 'authenticated', for Ant [pattern='/includes/**']
2017-04-19 11:41:21.850 DEBUG 5068 --- [    Test worker] edFilterInvocationSecurityMetadataSource : Adding web access control expression 'authenticated', for Ant [pattern='/assets/**']
2017-04-19 11:41:21.850 DEBUG 5068 --- [    Test worker] edFilterInvocationSecurityMetadataSource : Adding web access control expression 'authenticated', for org.springframework.security.web.util.matcher.AnyRequestMatcher@1
2017-04-19 11:41:21.868 DEBUG 5068 --- [    Test worker] o.s.s.w.a.i.FilterSecurityInterceptor    : Validated configuration attributes
2017-04-19 11:41:21.868 DEBUG 5068 --- [    Test worker] o.s.s.w.a.i.FilterSecurityInterceptor    : Validated configuration attributes
2017-04-19 11:41:21.868  INFO 5068 --- [    Test worker] o.s.s.web.DefaultSecurityFilterChain     : Creating filter chain: org.springframework.security.web.util.matcher.AnyRequestMatcher@1, [org.springframework.security.web.context.request.async.WebAsyncManagerIntegrationFilter@36bdb355, org.springframework.security.web.context.SecurityContextPersistenceFilter@29227d36, org.springframework.security.web.header.HeaderWriterFilter@6ca07445, org.springframework.security.web.csrf.CsrfFilter@3b6e998f, org.springframework.security.web.authentication.logout.LogoutFilter@6f1e75f5, org.springframework.security.web.authentication.UsernamePasswordAuthenticationFilter@197a11d9, org.springframework.security.web.savedrequest.RequestCacheAwareFilter@1f37d7aa, org.springframework.security.web.servletapi.SecurityContextHolderAwareRequestFilter@705a9a55, org.springframework.security.web.authentication.AnonymousAuthenticationFilter@5a752f20, org.springframework.security.web.session.SessionManagementFilter@66cf2281, org.springframework.security.web.access.ExceptionTranslationFilter@23c2bc24, org.springframework.security.web.access.intercept.FilterSecurityInterceptor@2bc3f232]
2017-04-19 11:41:21.887 DEBUG 5068 --- [    Test worker] edFilterInvocationSecurityMetadataSource : Adding web access control expression 'authenticated', for org.springframework.boot.actuate.autoconfigure.ManagementWebSecurityAutoConfiguration$LazyEndpointPathRequestMatcher@264a8fda
2017-04-19 11:41:21.887 DEBUG 5068 --- [    Test worker] edFilterInvocationSecurityMetadataSource : Adding web access control expression 'permitAll', for org.springframework.boot.actuate.autoconfigure.ManagementWebSecurityAutoConfiguration$LazyEndpointPathRequestMatcher@6110561b
2017-04-19 11:41:21.887 DEBUG 5068 --- [    Test worker] o.s.s.w.a.i.FilterSecurityInterceptor    : Validated configuration attributes
2017-04-19 11:41:21.887 DEBUG 5068 --- [    Test worker] o.s.s.w.a.i.FilterSecurityInterceptor    : Validated configuration attributes
2017-04-19 11:41:21.887  INFO 5068 --- [    Test worker] o.s.s.web.DefaultSecurityFilterChain     : Creating filter chain: org.springframework.boot.actuate.autoconfigure.ManagementWebSecurityAutoConfiguration$LazyEndpointPathRequestMatcher@623a4b34, [org.springframework.security.web.context.request.async.WebAsyncManagerIntegrationFilter@624a8f75, org.springframework.security.web.context.SecurityContextPersistenceFilter@dc084d1, org.springframework.security.web.header.HeaderWriterFilter@25273772, org.springframework.security.web.authentication.logout.LogoutFilter@2f2560e3, org.springframework.security.web.authentication.www.BasicAuthenticationFilter@184a15ef, org.springframework.security.web.savedrequest.RequestCacheAwareFilter@1f9b10d8, org.springframework.security.web.servletapi.SecurityContextHolderAwareRequestFilter@39b38fe, org.springframework.security.web.authentication.AnonymousAuthenticationFilter@31a92668, org.springframework.security.web.session.SessionManagementFilter@13c7eaa4, org.springframework.security.web.access.ExceptionTranslationFilter@436a247d, org.springframework.security.web.access.intercept.FilterSecurityInterceptor@235e0dd1]
2017-04-19 11:41:22.109  INFO 5068 --- [    Test worker] s.w.s.m.m.a.RequestMappingHandlerAdapter : Looking for @ControllerAdvice: org.springframework.web.context.support.GenericWebApplicationContext@939dea1: startup date [Wed Apr 19 11:41:20 EDT 2017]; root of context hierarchy
2017-04-19 11:41:22.146  INFO 5068 --- [    Test worker] s.w.s.m.m.a.RequestMappingHandlerMapping : Mapped "{[/index],methods=[GET]}" onto public java.lang.String edu.xavier.csci260.atinlay.controller.GreetingController.index()
2017-04-19 11:41:22.146  INFO 5068 --- [    Test worker] s.w.s.m.m.a.RequestMappingHandlerMapping : Mapped "{[/calendar],methods=[GET]}" onto public java.lang.String edu.xavier.csci260.atinlay.controller.GreetingController.calendar()
2017-04-19 11:41:22.146  INFO 5068 --- [    Test worker] s.w.s.m.m.a.RequestMappingHandlerMapping : Mapped "{[/login]}" onto public java.lang.String edu.xavier.csci260.atinlay.controller.GreetingController.login()
2017-04-19 11:41:22.146  INFO 5068 --- [    Test worker] s.w.s.m.m.a.RequestMappingHandlerMapping : Mapped "{[/home || / || /logout],methods=[GET]}" onto public java.lang.String edu.xavier.csci260.atinlay.controller.GreetingController.home()
2017-04-19 11:41:22.146  INFO 5068 --- [    Test worker] s.w.s.m.m.a.RequestMappingHandlerMapping : Mapped "{[/hello],methods=[GET]}" onto public java.lang.String edu.xavier.csci260.atinlay.controller.GreetingController.hello()
2017-04-19 11:41:22.146  INFO 5068 --- [    Test worker] s.w.s.m.m.a.RequestMappingHandlerMapping : Mapped "{[/manager/forTesting]}" onto public java.lang.String edu.xavier.csci260.atinlay.controller.ManagerController.messages()
2017-04-19 11:41:22.146  INFO 5068 --- [    Test worker] s.w.s.m.m.a.RequestMappingHandlerMapping : Mapped "{[/messages/{username}]}" onto public java.lang.String edu.xavier.csci260.atinlay.controller.MessageController.messages(org.springframework.ui.Model,java.lang.String)
2017-04-19 11:41:22.162  INFO 5068 --- [    Test worker] s.w.s.m.m.a.RequestMappingHandlerMapping : Mapped "{[/error]}" onto public org.springframework.http.ResponseEntity<java.util.Map<java.lang.String, java.lang.Object>> org.springframework.boot.autoconfigure.web.BasicErrorController.error(javax.servlet.http.HttpServletRequest)
2017-04-19 11:41:22.162  INFO 5068 --- [    Test worker] s.w.s.m.m.a.RequestMappingHandlerMapping : Mapped "{[/error],produces=[text/html]}" onto public org.springframework.web.servlet.ModelAndView org.springframework.boot.autoconfigure.web.BasicErrorController.errorHtml(javax.servlet.http.HttpServletRequest,javax.servlet.http.HttpServletResponse)
2017-04-19 11:41:22.166  INFO 5068 --- [    Test worker] o.s.w.s.handler.SimpleUrlHandlerMapping  : Root mapping to handler of type [class org.springframework.web.servlet.mvc.ParameterizableViewController]
2017-04-19 11:41:22.166  INFO 5068 --- [    Test worker] o.s.w.s.handler.SimpleUrlHandlerMapping  : Mapped URL path [/home] onto handler of type [class org.springframework.web.servlet.mvc.ParameterizableViewController]
2017-04-19 11:41:22.166  INFO 5068 --- [    Test worker] o.s.w.s.handler.SimpleUrlHandlerMapping  : Mapped URL path [/login] onto handler of type [class org.springframework.web.servlet.mvc.ParameterizableViewController]
2017-04-19 11:41:22.166  INFO 5068 --- [    Test worker] o.s.w.s.handler.SimpleUrlHandlerMapping  : Mapped URL path [/addEmployee] onto handler of type [class org.springframework.web.servlet.mvc.ParameterizableViewController]
2017-04-19 11:41:22.166  INFO 5068 --- [    Test worker] o.s.w.s.handler.SimpleUrlHandlerMapping  : Mapped URL path [/messages] onto handler of type [class org.springframework.web.servlet.mvc.ParameterizableViewController]
2017-04-19 11:41:22.166  INFO 5068 --- [    Test worker] o.s.w.s.handler.SimpleUrlHandlerMapping  : Mapped URL path [/requests] onto handler of type [class org.springframework.web.servlet.mvc.ParameterizableViewController]
2017-04-19 11:41:22.166  INFO 5068 --- [    Test worker] o.s.w.s.handler.SimpleUrlHandlerMapping  : Mapped URL path [/newRequest] onto handler of type [class org.springframework.web.servlet.mvc.ParameterizableViewController]
2017-04-19 11:41:22.185  INFO 5068 --- [    Test worker] o.s.w.s.handler.SimpleUrlHandlerMapping  : Mapped URL path [/webjars/**] onto handler of type [class org.springframework.web.servlet.resource.ResourceHttpRequestHandler]
2017-04-19 11:41:22.185  INFO 5068 --- [    Test worker] o.s.w.s.handler.SimpleUrlHandlerMapping  : Mapped URL path [/**] onto handler of type [class org.springframework.web.servlet.resource.ResourceHttpRequestHandler]
2017-04-19 11:41:22.220  INFO 5068 --- [    Test worker] o.s.w.s.handler.SimpleUrlHandlerMapping  : Mapped URL path [/**/favicon.ico] onto handler of type [class org.springframework.web.servlet.resource.ResourceHttpRequestHandler]
2017-04-19 11:41:22.637  INFO 5068 --- [    Test worker] o.s.b.a.e.mvc.EndpointHandlerMapping     : Mapped "{[/configprops || /configprops.json],methods=[GET],produces=[application/vnd.spring-boot.actuator.v1+json || application/json]}" onto public java.lang.Object org.springframework.boot.actuate.endpoint.mvc.EndpointMvcAdapter.invoke()
2017-04-19 11:41:22.637  INFO 5068 --- [    Test worker] o.s.b.a.e.mvc.EndpointHandlerMapping     : Mapped "{[/dump || /dump.json],methods=[GET],produces=[application/vnd.spring-boot.actuator.v1+json || application/json]}" onto public java.lang.Object org.springframework.boot.actuate.endpoint.mvc.EndpointMvcAdapter.invoke()
2017-04-19 11:41:22.637  INFO 5068 --- [    Test worker] o.s.b.a.e.mvc.EndpointHandlerMapping     : Mapped "{[/health || /health.json],methods=[GET],produces=[application/vnd.spring-boot.actuator.v1+json || application/json]}" onto public java.lang.Object org.springframework.boot.actuate.endpoint.mvc.HealthMvcEndpoint.invoke(javax.servlet.http.HttpServletRequest,java.security.Principal)
2017-04-19 11:41:22.637  INFO 5068 --- [    Test worker] o.s.b.a.e.mvc.EndpointHandlerMapping     : Mapped "{[/beans || /beans.json],methods=[GET],produces=[application/vnd.spring-boot.actuator.v1+json || application/json]}" onto public java.lang.Object org.springframework.boot.actuate.endpoint.mvc.EndpointMvcAdapter.invoke()
2017-04-19 11:41:22.653  INFO 5068 --- [    Test worker] o.s.b.a.e.mvc.EndpointHandlerMapping     : Mapped "{[/auditevents || /auditevents.json],methods=[GET],produces=[application/vnd.spring-boot.actuator.v1+json || application/json]}" onto public org.springframework.http.ResponseEntity<?> org.springframework.boot.actuate.endpoint.mvc.AuditEventsMvcEndpoint.findByPrincipalAndAfterAndType(java.lang.String,java.util.Date,java.lang.String)
2017-04-19 11:41:22.654  INFO 5068 --- [    Test worker] o.s.b.a.e.mvc.EndpointHandlerMapping     : Mapped "{[/trace || /trace.json],methods=[GET],produces=[application/vnd.spring-boot.actuator.v1+json || application/json]}" onto public java.lang.Object org.springframework.boot.actuate.endpoint.mvc.EndpointMvcAdapter.invoke()
2017-04-19 11:41:22.654  INFO 5068 --- [    Test worker] o.s.b.a.e.mvc.EndpointHandlerMapping     : Mapped "{[/autoconfig || /autoconfig.json],methods=[GET],produces=[application/vnd.spring-boot.actuator.v1+json || application/json]}" onto public java.lang.Object org.springframework.boot.actuate.endpoint.mvc.EndpointMvcAdapter.invoke()
2017-04-19 11:41:22.654  INFO 5068 --- [    Test worker] o.s.b.a.e.mvc.EndpointHandlerMapping     : Mapped "{[/heapdump || /heapdump.json],methods=[GET],produces=[application/octet-stream]}" onto public void org.springframework.boot.actuate.endpoint.mvc.HeapdumpMvcEndpoint.invoke(boolean,javax.servlet.http.HttpServletRequest,javax.servlet.http.HttpServletResponse) throws java.io.IOException,javax.servlet.ServletException
2017-04-19 11:41:22.654  INFO 5068 --- [    Test worker] o.s.b.a.e.mvc.EndpointHandlerMapping     : Mapped "{[/info || /info.json],methods=[GET],produces=[application/vnd.spring-boot.actuator.v1+json || application/json]}" onto public java.lang.Object org.springframework.boot.actuate.endpoint.mvc.EndpointMvcAdapter.invoke()
2017-04-19 11:41:22.654  INFO 5068 --- [    Test worker] o.s.b.a.e.mvc.EndpointHandlerMapping     : Mapped "{[/env/{name:.*}],methods=[GET],produces=[application/vnd.spring-boot.actuator.v1+json || application/json]}" onto public java.lang.Object org.springframework.boot.actuate.endpoint.mvc.EnvironmentMvcEndpoint.value(java.lang.String)
2017-04-19 11:41:22.654  INFO 5068 --- [    Test worker] o.s.b.a.e.mvc.EndpointHandlerMapping     : Mapped "{[/env || /env.json],methods=[GET],produces=[application/vnd.spring-boot.actuator.v1+json || application/json]}" onto public java.lang.Object org.springframework.boot.actuate.endpoint.mvc.EndpointMvcAdapter.invoke()
2017-04-19 11:41:22.654  INFO 5068 --- [    Test worker] o.s.b.a.e.mvc.EndpointHandlerMapping     : Mapped "{[/mappings || /mappings.json],methods=[GET],produces=[application/vnd.spring-boot.actuator.v1+json || application/json]}" onto public java.lang.Object org.springframework.boot.actuate.endpoint.mvc.EndpointMvcAdapter.invoke()
2017-04-19 11:41:22.654  INFO 5068 --- [    Test worker] o.s.b.a.e.mvc.EndpointHandlerMapping     : Mapped "{[/metrics/{name:.*}],methods=[GET],produces=[application/vnd.spring-boot.actuator.v1+json || application/json]}" onto public java.lang.Object org.springframework.boot.actuate.endpoint.mvc.MetricsMvcEndpoint.value(java.lang.String)
2017-04-19 11:41:22.654  INFO 5068 --- [    Test worker] o.s.b.a.e.mvc.EndpointHandlerMapping     : Mapped "{[/metrics || /metrics.json],methods=[GET],produces=[application/vnd.spring-boot.actuator.v1+json || application/json]}" onto public java.lang.Object org.springframework.boot.actuate.endpoint.mvc.EndpointMvcAdapter.invoke()
2017-04-19 11:41:22.654  INFO 5068 --- [    Test worker] o.s.b.a.e.mvc.EndpointHandlerMapping     : Mapped "{[/loggers/{name:.*}],methods=[GET],produces=[application/vnd.spring-boot.actuator.v1+json || application/json]}" onto public java.lang.Object org.springframework.boot.actuate.endpoint.mvc.LoggersMvcEndpoint.get(java.lang.String)
2017-04-19 11:41:22.654  INFO 5068 --- [    Test worker] o.s.b.a.e.mvc.EndpointHandlerMapping     : Mapped "{[/loggers/{name:.*}],methods=[POST],consumes=[application/vnd.spring-boot.actuator.v1+json || application/json],produces=[application/vnd.spring-boot.actuator.v1+json || application/json]}" onto public java.lang.Object org.springframework.boot.actuate.endpoint.mvc.LoggersMvcEndpoint.set(java.lang.String,java.util.Map<java.lang.String, java.lang.String>)
2017-04-19 11:41:22.670  INFO 5068 --- [    Test worker] o.s.b.a.e.mvc.EndpointHandlerMapping     : Mapped "{[/loggers || /loggers.json],methods=[GET],produces=[application/vnd.spring-boot.actuator.v1+json || application/json]}" onto public java.lang.Object org.springframework.boot.actuate.endpoint.mvc.EndpointMvcAdapter.invoke()
2017-04-19 11:41:22.908  INFO 5068 --- [    Test worker] e.x.csci260.atinlay.dal.EmployeeDAOTest  : Started EmployeeDAOTest in 2.948 seconds (JVM running for 14.051)
]]></system-out>
  <system-err><![CDATA[]]></system-err>
</testsuite>
