<?xml version="1.0" encoding="UTF-8"?>
<testsuite name="edu.xavier.csci260.atinlay.dal.MessageDAOTest" tests="3" skipped="0" failures="0" errors="0" timestamp="2017-04-19T15:41:23" hostname="MSI" time="0.036">
  <properties/>
  <testcase name="createMessage" classname="edu.xavier.csci260.atinlay.dal.MessageDAOTest" time="0.018"/>
  <testcase name="getMessagesBySender" classname="edu.xavier.csci260.atinlay.dal.MessageDAOTest" time="0.0"/>
  <testcase name="getMessagesByRecipient" classname="edu.xavier.csci260.atinlay.dal.MessageDAOTest" time="0.003"/>
  <system-out><![CDATA[2017-04-19 11:41:22.979  INFO 5068 --- [    Test worker] .b.t.c.SpringBootTestContextBootstrapper : Neither @ContextConfiguration nor @ContextHierarchy found for test class [edu.xavier.csci260.atinlay.dal.MessageDAOTest], using SpringBootContextLoader
2017-04-19 11:41:22.979  INFO 5068 --- [    Test worker] o.s.t.c.support.AbstractContextLoader    : Could not detect default resource locations for test class [edu.xavier.csci260.atinlay.dal.MessageDAOTest]: no resource found for suffixes {-context.xml, Context.groovy}.
2017-04-19 11:41:22.979  INFO 5068 --- [    Test worker] t.c.s.AnnotationConfigContextLoaderUtils : Could not detect default configuration classes for test class [edu.xavier.csci260.atinlay.dal.MessageDAOTest]: MessageDAOTest does not declare any static, non-private, non-final, nested classes annotated with @Configuration.
2017-04-19 11:41:22.999  INFO 5068 --- [    Test worker] .b.t.c.SpringBootTestContextBootstrapper : Found @SpringBootConfiguration edu.xavier.csci260.atinlay.Application for test class edu.xavier.csci260.atinlay.dal.MessageDAOTest
2017-04-19 11:41:22.999  INFO 5068 --- [    Test worker] .b.t.c.SpringBootTestContextBootstrapper : Loaded default TestExecutionListener class names from location [META-INF/spring.factories]: [org.springframework.security.test.context.support.WithSecurityContextTestExecutionListener, org.springframework.boot.test.mock.mockito.MockitoTestExecutionListener, org.springframework.boot.test.mock.mockito.ResetMocksTestExecutionListener, org.springframework.boot.test.autoconfigure.restdocs.RestDocsTestExecutionListener, org.springframework.boot.test.autoconfigure.web.client.MockRestServiceServerResetTestExecutionListener, org.springframework.boot.test.autoconfigure.web.servlet.MockMvcPrintOnlyOnFailureTestExecutionListener, org.springframework.boot.test.autoconfigure.web.servlet.WebDriverTestExecutionListener, org.springframework.test.context.web.ServletTestExecutionListener, org.springframework.test.context.support.DirtiesContextBeforeModesTestExecutionListener, org.springframework.test.context.support.DependencyInjectionTestExecutionListener, org.springframework.test.context.support.DirtiesContextTestExecutionListener, org.springframework.test.context.transaction.TransactionalTestExecutionListener, org.springframework.test.context.jdbc.SqlScriptsTestExecutionListener]
2017-04-19 11:41:22.999  INFO 5068 --- [    Test worker] .b.t.c.SpringBootTestContextBootstrapper : Using TestExecutionListeners: [org.springframework.test.context.web.ServletTestExecutionListener@7b76de41, org.springframework.test.context.support.DirtiesContextBeforeModesTestExecutionListener@559b8922, org.springframework.boot.test.autoconfigure.SpringBootDependencyInjectionTestExecutionListener@5f06d1cc, org.springframework.test.context.support.DirtiesContextTestExecutionListener@807d016, org.springframework.test.context.transaction.TransactionalTestExecutionListener@454e9381, org.springframework.test.context.jdbc.SqlScriptsTestExecutionListener@4c15d093, org.springframework.security.test.context.support.WithSecurityContextTestExecutionListener@25f4f06c, org.springframework.boot.test.mock.mockito.ResetMocksTestExecutionListener@13c503a4, org.springframework.boot.test.autoconfigure.web.servlet.WebDriverTestExecutionListener@222648c6, org.springframework.boot.test.mock.mockito.MockitoTestExecutionListener@40d59559, org.springframework.boot.test.autoconfigure.web.client.MockRestServiceServerResetTestExecutionListener@42a07abf, org.springframework.boot.test.autoconfigure.web.servlet.MockMvcPrintOnlyOnFailureTestExecutionListener@7943896c, org.springframework.boot.test.autoconfigure.restdocs.RestDocsTestExecutionListener@69339efa]
]]></system-out>
  <system-err><![CDATA[]]></system-err>
</testsuite>
